e:\vibot\semester iii\robotics project\geodesicsonmeshes\build\fastmarching\meshgeodesics.dir\release\gw_triangularinterpolation_cubic.obj
e:\vibot\semester iii\robotics project\geodesicsonmeshes\build\fastmarching\meshgeodesics.dir\release\gw_triangularinterpolation_quadratic.obj
e:\vibot\semester iii\robotics project\geodesicsonmeshes\build\fastmarching\meshgeodesics.dir\release\gw_triangularinterpolation_linear.obj
e:\vibot\semester iii\robotics project\geodesicsonmeshes\build\fastmarching\meshgeodesics.dir\release\gw_geodesicvertex.obj
e:\vibot\semester iii\robotics project\geodesicsonmeshes\build\fastmarching\meshgeodesics.dir\release\gw_geodesicpoint.obj
e:\vibot\semester iii\robotics project\geodesicsonmeshes\build\fastmarching\meshgeodesics.dir\release\gw_geodesicpath.obj
e:\vibot\semester iii\robotics project\geodesicsonmeshes\build\fastmarching\meshgeodesics.dir\release\gw_geodesicmesh.obj
e:\vibot\semester iii\robotics project\geodesicsonmeshes\build\fastmarching\meshgeodesics.dir\release\gw_geodesicface.obj
e:\vibot\semester iii\robotics project\geodesicsonmeshes\build\fastmarching\meshgeodesics.dir\release\gw_vertexiterator.obj
e:\vibot\semester iii\robotics project\geodesicsonmeshes\build\fastmarching\meshgeodesics.dir\release\gw_vertex.obj
e:\vibot\semester iii\robotics project\geodesicsonmeshes\build\fastmarching\meshgeodesics.dir\release\gw_smartcounter.obj
e:\vibot\semester iii\robotics project\geodesicsonmeshes\build\fastmarching\meshgeodesics.dir\release\gw_mesh.obj
e:\vibot\semester iii\robotics project\geodesicsonmeshes\build\fastmarching\meshgeodesics.dir\release\gw_faceiterator.obj
e:\vibot\semester iii\robotics project\geodesicsonmeshes\build\fastmarching\meshgeodesics.dir\release\gw_face.obj
e:\vibot\semester iii\robotics project\geodesicsonmeshes\build\fastmarching\meshgeodesics.dir\release\gw_config.obj
e:\vibot\semester iii\robotics project\geodesicsonmeshes\build\fastmarching\cmakefiles\generate.stamp
e:\vibot\semester iii\robotics project\geodesicsonmeshes\build\bin\release\meshgeodesics.lib
e:\vibot\semester iii\robotics project\geodesicsonmeshes\build\fastmarching\meshgeodesics.dir\release\meshgeodesics.tlog\cl.command.1.tlog
e:\vibot\semester iii\robotics project\geodesicsonmeshes\build\fastmarching\meshgeodesics.dir\release\meshgeodesics.tlog\cl.read.1.tlog
e:\vibot\semester iii\robotics project\geodesicsonmeshes\build\fastmarching\meshgeodesics.dir\release\meshgeodesics.tlog\cl.write.1.tlog
e:\vibot\semester iii\robotics project\geodesicsonmeshes\build\fastmarching\meshgeodesics.dir\release\meshgeodesics.tlog\custombuild.command.1.tlog
e:\vibot\semester iii\robotics project\geodesicsonmeshes\build\fastmarching\meshgeodesics.dir\release\meshgeodesics.tlog\custombuild.read.1.tlog
e:\vibot\semester iii\robotics project\geodesicsonmeshes\build\fastmarching\meshgeodesics.dir\release\meshgeodesics.tlog\custombuild.write.1.tlog
e:\vibot\semester iii\robotics project\geodesicsonmeshes\build\fastmarching\meshgeodesics.dir\release\meshgeodesics.tlog\lib-link.read.1.tlog
e:\vibot\semester iii\robotics project\geodesicsonmeshes\build\fastmarching\meshgeodesics.dir\release\meshgeodesics.tlog\lib-link.write.1.tlog
e:\vibot\semester iii\robotics project\geodesicsonmeshes\build\fastmarching\meshgeodesics.dir\release\meshgeodesics.tlog\lib.command.1.tlog
